c:\users\sdber\dropbox\c++\gap_255_mazegame_m04\gap_255_mazegame_m04\x64\debug\vc143.pdb
c:\users\sdber\dropbox\c++\gap_255_mazegame_m04\gap_255_mazegame_m04\x64\debug\vc143.idb
c:\users\sdber\dropbox\c++\gap_255_mazegame_m04\gap_255_mazegame_m04\x64\debug\wall.obj
c:\users\sdber\dropbox\c++\gap_255_mazegame_m04\gap_255_mazegame_m04\x64\debug\player.obj
c:\users\sdber\dropbox\c++\gap_255_mazegame_m04\gap_255_mazegame_m04\x64\debug\mazegame.obj
c:\users\sdber\dropbox\c++\gap_255_mazegame_m04\gap_255_mazegame_m04\x64\debug\main.obj
c:\users\sdber\dropbox\c++\gap_255_mazegame_m04\gap_255_mazegame_m04\x64\debug\gameobject.obj
c:\users\sdber\dropbox\c++\gap_255_mazegame_m04\gap_255_mazegame_m04\x64\debug\exit.obj
c:\users\sdber\dropbox\c++\gap_255_mazegame_m04\gap_255_mazegame_m04\x64\debug\dynamicarray.obj
c:\users\sdber\dropbox\c++\gap_255_mazegame_m04\gap_255_mazegame_m04\x64\debug\gap_255_mazegame_m04.ilk
c:\users\sdber\dropbox\c++\gap_255_mazegame_m04\x64\debug\gap_255_mazegame_m04.exe
c:\users\sdber\dropbox\c++\gap_255_mazegame_m04\x64\debug\gap_255_mazegame_m04.pdb
c:\users\sdber\dropbox\c++\gap_255_mazegame_m04\gap_255_mazegame_m04\x64\debug\mazegame.obj.enc
c:\users\sdber\dropbox\c++\gap_255_mazegame_m04\gap_255_mazegame_m04\x64\debug\gap_255_.349a20bc.tlog\cl.command.1.tlog
c:\users\sdber\dropbox\c++\gap_255_mazegame_m04\gap_255_mazegame_m04\x64\debug\gap_255_.349a20bc.tlog\cl.items.tlog
c:\users\sdber\dropbox\c++\gap_255_mazegame_m04\gap_255_mazegame_m04\x64\debug\gap_255_.349a20bc.tlog\cl.read.1.tlog
c:\users\sdber\dropbox\c++\gap_255_mazegame_m04\gap_255_mazegame_m04\x64\debug\gap_255_.349a20bc.tlog\cl.write.1.tlog
c:\users\sdber\dropbox\c++\gap_255_mazegame_m04\gap_255_mazegame_m04\x64\debug\gap_255_.349a20bc.tlog\link.command.1.tlog
c:\users\sdber\dropbox\c++\gap_255_mazegame_m04\gap_255_mazegame_m04\x64\debug\gap_255_.349a20bc.tlog\link.read.1.tlog
c:\users\sdber\dropbox\c++\gap_255_mazegame_m04\gap_255_mazegame_m04\x64\debug\gap_255_.349a20bc.tlog\link.write.1.tlog
